<?xml version="1.0" encoding="utf-8"?><testsuites name="pytest tests"><testsuite name="pytest" errors="0" failures="0" skipped="0" tests="8" time="2.644" timestamp="2026-08-15T10:59:26.073933+00:00" hostname="agent-env-4330e7dc-3176-4a49-a3b5-d80929c7536d"><testcase classname="tests.test_gplay_live.TestGplayResolve" name="test_resolve_by_name" time="0.937" /><testcase classname="tests.test_gplay_live.TestGplaySync" name="test_sync_forbidden_for_client_member" time="0.980" /><testcase classname="tests.test_gplay_live.TestGplayResolve" name="test_resolve_by_url" time="0.144" /><testcase classname="tests.test_gplay_live.TestGplaySync" name="test_sync_admin_imports_real_reviews" time="0.423" /><testcase classname="tests.test_gplay_live.TestGplayResolve" name="test_resolve_allowed_for_client_member" time="0.552" /><testcase classname="tests.test_gplay_live.TestGplaySync" name="test_sync_dedupes_on_repeat" time="0.235" /><testcase classname="tests.test_gplay_live.TestGplaySync" name="test_since_date_filters_older_reviews" time="0.436" /><testcase classname="tests.test_gplay_live.TestGplaySync" name="test_reviews_queryable_and_shape" time="0.093" /></testsuite></testsuites>