<?xml version="1.0" encoding="utf-8"?><testsuites name="pytest tests"><testsuite name="pytest" errors="0" failures="0" skipped="0" tests="19" time="2.842" timestamp="2026-08-15T13:02:18.931975+00:00" hostname="agent-env-4330e7dc-3176-4a49-a3b5-d80929c7536d"><testcase classname="tests.test_reviews_export.TestReviewsSummary" name="test_summary_no_filter" time="0.905" /><testcase classname="tests.test_reviews_export_xlsx.TestXlsxExportBasics" name="test_xlsx_headers_and_mime" time="1.196" /><testcase classname="tests.test_reviews_export.TestReviewsSummary" name="test_summary_rating_filter_matches_5_star_count" time="0.292" /><testcase classname="tests.test_reviews_export_xlsx.TestXlsxExportBasics" name="test_xlsx_is_valid_and_has_15_col_header" time="0.093" /><testcase classname="tests.test_reviews_export.TestReviewsSummary" name="test_summary_avg_rating_is_5_when_filter_5" time="0.052" /><testcase classname="tests.test_reviews_export.TestReviewsSummary" name="test_summary_date_range_shrinks" time="0.095" /><testcase classname="tests.test_reviews_export_xlsx.TestXlsxExportBasics" name="test_xlsx_rating_filter_keeps_only_matching_rows" time="0.083" /><testcase classname="tests.test_reviews_export.TestReviewsExportCSV" name="test_export_headers_and_content_type" time="0.061" /><testcase classname="tests.test_reviews_export_xlsx.TestXlsxExportBasics" name="test_xlsx_future_date_range_yields_header_only" time="0.060" /><testcase classname="tests.test_reviews_export.TestReviewsExportCSV" name="test_export_rating_filter_changes_row_count" time="0.159" /><testcase classname="tests.test_reviews_export_xlsx.TestXlsxExportBasics" name="test_xlsx_csv_row_count_parity" time="0.200" /><testcase classname="tests.test_reviews_export.TestReviewsExportCSV" name="test_export_date_filter_changes_row_count" time="0.092" /><testcase classname="tests.test_reviews_export_xlsx.TestXlsxExportBasics" name="test_xlsx_bytes_are_zip" time="0.081" /><testcase classname="tests.test_reviews_export.TestReviewsExportCSV" name="test_export_filename_and_columns_present" time="0.063" /><testcase classname="tests.test_reviews_export.TestRegressionExistingRoutes" name="test_reviews_still_works" time="0.097" /><testcase classname="tests.test_reviews_export.TestReviewsListDateFilters" name="test_date_range_filters_reviews" time="0.116" /><testcase classname="tests.test_reviews_export.TestRegressionExistingRoutes" name="test_dashboard_still_works" time="0.057" /><testcase classname="tests.test_reviews_export.TestReviewsListDateFilters" name="test_future_date_range_returns_zero" time="0.091" /><testcase classname="tests.test_reviews_export.TestRegressionExistingRoutes" name="test_applications_list_still_works" time="0.103" /></testsuite></testsuites>