<?xml version="1.0" encoding="utf-8"?><testsuites name="pytest tests"><testsuite name="pytest" errors="0" failures="1" skipped="0" tests="8" time="2.812" timestamp="2026-08-15T13:02:32.166003+00:00" hostname="agent-env-4330e7dc-3176-4a49-a3b5-d80929c7536d"><testcase classname="tests.test_gplay_live.TestGplayResolve" name="test_resolve_by_name" time="0.994" /><testcase classname="tests.test_gplay_live.TestGplaySync" name="test_sync_forbidden_for_client_member" time="1.042" /><testcase classname="tests.test_gplay_live.TestGplayResolve" name="test_resolve_by_url" time="0.137" /><testcase classname="tests.test_gplay_live.TestGplaySync" name="test_sync_admin_imports_real_reviews" time="0.417" /><testcase classname="tests.test_gplay_live.TestGplayResolve" name="test_resolve_allowed_for_client_member" time="0.596" /><testcase classname="tests.test_gplay_live.TestGplaySync" name="test_sync_dedupes_on_repeat" time="0.206"><failure message="AssertionError: dedupe failed: imported=2 on repeat&#10;assert 2 == 0">backend/tests/test_gplay_live.py:96: in test_sync_dedupes_on_repeat
    assert d["imported"] == 0, f"dedupe failed: imported={d['imported']} on repeat"
E   AssertionError: dedupe failed: imported=2 on repeat
E   assert 2 == 0</failure></testcase><testcase classname="tests.test_gplay_live.TestGplaySync" name="test_since_date_filters_older_reviews" time="0.559" /><testcase classname="tests.test_gplay_live.TestGplaySync" name="test_reviews_queryable_and_shape" time="0.098" /></testsuite></testsuites>