<?xml version="1.0" encoding="utf-8"?><testsuites name="pytest tests"><testsuite name="pytest" errors="0" failures="0" skipped="0" tests="34" time="16.375" timestamp="2026-08-15T10:40:02.458506+00:00" hostname="agent-env-4330e7dc-3176-4a49-a3b5-d80929c7536d"><testcase classname="tests.test_equinox_backend.TestReviews" name="test_list_reviews" time="1.137" /><testcase classname="tests.test_equinox_backend.TestAI" name="test_generate_reply_real_llm" time="4.497" /><testcase classname="tests.test_equinox_backend.TestReviews" name="test_filter_unreplied" time="1.518" /><testcase classname="tests.test_equinox_backend.TestReviews" name="test_filter_rating" time="0.046" /><testcase classname="tests.test_equinox_backend.TestReviews" name="test_search_text" time="0.046" /><testcase classname="tests.test_equinox_backend.TestReviews" name="test_pagination" time="0.145" /><testcase classname="tests.test_equinox_backend.TestReviews" name="test_filters_endpoint" time="0.043" /><testcase classname="tests.test_equinox_backend.TestAuth" name="test_super_admin_login" time="0.000" /><testcase classname="tests.test_equinox_backend.TestAuth" name="test_get_me_with_bearer" time="0.043" /><testcase classname="tests.test_equinox_backend.TestAuth" name="test_client_member_login" time="0.357" /><testcase classname="tests.test_equinox_backend.TestAuth" name="test_login_invalid_password" time="0.323" /><testcase classname="tests.test_equinox_backend.TestApplicationsAndIsolation" name="test_super_admin_sees_all_apps" time="0.045" /><testcase classname="tests.test_equinox_backend.TestApplicationsAndIsolation" name="test_client_member_sees_only_org_apps" time="0.043" /><testcase classname="tests.test_equinox_backend.TestApplicationsAndIsolation" name="test_client_member_cannot_create_application" time="0.042" /><testcase classname="tests.test_equinox_backend.TestAnalytics" name="test_dashboard_kpis_and_forecast" time="0.056" /><testcase classname="tests.test_equinox_backend.TestAnalytics" name="test_dashboard_changes_per_app" time="0.133" /><testcase classname="tests.test_equinox_backend.TestAnalytics" name="test_chart_endpoints" time="0.287" /><testcase classname="tests.test_equinox_backend.TestCompetitors" name="test_list_competitors" time="0.051" /><testcase classname="tests.test_equinox_backend.TestCompetitors" name="test_comparison" time="0.093" /><testcase classname="tests.test_equinox_backend.TestCompetitors" name="test_competitor_insights" time="2.683" /><testcase classname="tests.test_equinox_backend.TestAI" name="test_refine_reply_shorten" time="2.653" /><testcase classname="tests.test_equinox_backend.TestManagement" name="test_create_client_super_admin" time="0.268" /><testcase classname="tests.test_equinox_backend.TestAI" name="test_bulk_reply" time="3.250" /><testcase classname="tests.test_equinox_backend.TestManagement" name="test_team_scope" time="0.404" /><testcase classname="tests.test_equinox_backend.TestManagement" name="test_invite_member" time="0.317" /><testcase classname="tests.test_equinox_backend.TestReports" name="test_generate_report" time="0.095" /><testcase classname="tests.test_equinox_backend.TestReports" name="test_list_reports" time="0.043" /><testcase classname="tests.test_equinox_backend.TestIntegrations" name="test_sync_not_connected_returns_400" time="0.086" /><testcase classname="tests.test_equinox_backend.TestBrandVoice" name="test_update_and_get_brand_voice" time="0.177" /><testcase classname="tests.test_equinox_backend.TestAI" name="test_publish_reply_super_admin" time="0.127" /><testcase classname="tests.test_equinox_backend.TestAI" name="test_publish_reply_client_member_forbidden" time="0.423" /><testcase classname="tests.test_equinox_backend.TestAI" name="test_executive_summary" time="2.784" /><testcase classname="tests.test_equinox_backend.TestAI" name="test_ai_insights" time="0.045" /><testcase classname="tests.test_equinox_backend.TestAI" name="test_ai_search" time="1.905" /></testsuite></testsuites>