<?xml version="1.0" encoding="utf-8"?><testsuites name="pytest tests"><testsuite name="pytest" errors="0" failures="0" skipped="0" tests="47" time="15.548" timestamp="2026-08-15T12:26:20.468019+00:00" hostname="agent-env-4330e7dc-3176-4a49-a3b5-d80929c7536d"><testcase classname="tests.test_equinox_backend.TestReviews" name="test_list_reviews" time="2.031" /><testcase classname="tests.test_equinox_backend.TestAI" name="test_generate_reply_real_llm" time="3.701" /><testcase classname="tests.test_equinox_backend.TestReviews" name="test_filter_unreplied" time="0.053" /><testcase classname="tests.test_equinox_backend.TestReviews" name="test_filter_rating" time="0.052" /><testcase classname="tests.test_equinox_backend.TestReviews" name="test_search_text" time="0.059" /><testcase classname="tests.test_equinox_backend.TestReviews" name="test_pagination" time="0.112" /><testcase classname="tests.test_equinox_backend.TestReviews" name="test_filters_endpoint" time="0.054" /><testcase classname="tests.test_equinox_backend.TestAuth" name="test_super_admin_login" time="0.000" /><testcase classname="tests.test_equinox_backend.TestAuth" name="test_get_me_with_bearer" time="0.055" /><testcase classname="tests.test_equinox_backend.TestAuth" name="test_client_member_login" time="0.366" /><testcase classname="tests.test_equinox_backend.TestAuth" name="test_login_invalid_password" time="0.352" /><testcase classname="tests.test_reviews_export.TestReviewsSummary" name="test_summary_no_filter" time="0.099" /><testcase classname="tests.test_reviews_export.TestReviewsSummary" name="test_summary_rating_filter_matches_5_star_count" time="0.105" /><testcase classname="tests.test_reviews_export.TestReviewsSummary" name="test_summary_avg_rating_is_5_when_filter_5" time="0.050" /><testcase classname="tests.test_reviews_export.TestReviewsSummary" name="test_summary_date_range_shrinks" time="0.047" /><testcase classname="tests.test_reviews_export.TestReviewsExportCSV" name="test_export_headers_and_content_type" time="0.057" /><testcase classname="tests.test_reviews_export.TestReviewsExportCSV" name="test_export_rating_filter_changes_row_count" time="0.154" /><testcase classname="tests.test_reviews_export.TestReviewsExportCSV" name="test_export_date_filter_changes_row_count" time="0.102" /><testcase classname="tests.test_equinox_backend.TestAI" name="test_refine_reply_shorten" time="2.979" /><testcase classname="tests.test_reviews_export.TestReviewsExportCSV" name="test_export_filename_and_columns_present" time="0.071" /><testcase classname="tests.test_equinox_backend.TestApplicationsAndIsolation" name="test_super_admin_sees_all_apps" time="0.059" /><testcase classname="tests.test_equinox_backend.TestApplicationsAndIsolation" name="test_client_member_sees_only_org_apps" time="0.042" /><testcase classname="tests.test_equinox_backend.TestApplicationsAndIsolation" name="test_client_member_cannot_create_application" time="0.043" /><testcase classname="tests.test_equinox_backend.TestAnalytics" name="test_dashboard_kpis_and_forecast" time="0.066" /><testcase classname="tests.test_equinox_backend.TestAnalytics" name="test_dashboard_changes_per_app" time="0.162" /><testcase classname="tests.test_equinox_backend.TestAnalytics" name="test_chart_endpoints" time="0.283" /><testcase classname="tests.test_equinox_backend.TestCompetitors" name="test_list_competitors" time="0.057" /><testcase classname="tests.test_equinox_backend.TestCompetitors" name="test_comparison" time="0.111" /><testcase classname="tests.test_equinox_backend.TestCompetitors" name="test_competitor_insights" time="2.849" /><testcase classname="tests.test_equinox_backend.TestAI" name="test_bulk_reply" time="3.225" /><testcase classname="tests.test_equinox_backend.TestManagement" name="test_create_client_super_admin" time="0.294" /><testcase classname="tests.test_equinox_backend.TestManagement" name="test_team_scope" time="0.422" /><testcase classname="tests.test_equinox_backend.TestManagement" name="test_invite_member" time="0.266" /><testcase classname="tests.test_reviews_export.TestRegressionExistingRoutes" name="test_reviews_still_works" time="0.050" /><testcase classname="tests.test_reviews_export.TestRegressionExistingRoutes" name="test_dashboard_still_works" time="0.049" /><testcase classname="tests.test_reviews_export.TestRegressionExistingRoutes" name="test_applications_list_still_works" time="0.049" /><testcase classname="tests.test_equinox_backend.TestReports" name="test_generate_report" time="0.104" /><testcase classname="tests.test_equinox_backend.TestReports" name="test_list_reports" time="0.054" /><testcase classname="tests.test_reviews_export.TestReviewsListDateFilters" name="test_date_range_filters_reviews" time="0.177" /><testcase classname="tests.test_reviews_export.TestReviewsListDateFilters" name="test_future_date_range_returns_zero" time="0.049" /><testcase classname="tests.test_equinox_backend.TestIntegrations" name="test_sync_not_connected_returns_400" time="0.098" /><testcase classname="tests.test_equinox_backend.TestBrandVoice" name="test_update_and_get_brand_voice" time="0.150" /><testcase classname="tests.test_equinox_backend.TestAI" name="test_publish_reply_super_admin" time="0.090" /><testcase classname="tests.test_equinox_backend.TestAI" name="test_publish_reply_client_member_forbidden" time="0.416" /><testcase classname="tests.test_equinox_backend.TestAI" name="test_executive_summary" time="2.834" /><testcase classname="tests.test_equinox_backend.TestAI" name="test_ai_insights" time="0.048" /><testcase classname="tests.test_equinox_backend.TestAI" name="test_ai_search" time="1.774" /></testsuite></testsuites>